{"/home/antonio/Documentos/desafios/itall/src/app.ts": {"path":"/home/antonio/Documentos/desafios/itall/src/app.ts","statementMap":{"0":{"start":{"line":1,"column":0},"end":{"line":1,"column":26}},"1":{"start":{"line":2,"column":0},"end":{"line":2,"column":53}},"2":{"start":{"line":3,"column":0},"end":{"line":3,"column":24}},"3":{"start":{"line":4,"column":0},"end":{"line":4,"column":28}},"4":{"start":{"line":5,"column":0},"end":{"line":5,"column":43}},"5":{"start":{"line":6,"column":0},"end":{"line":6,"column":51}},"6":{"start":{"line":7,"column":0},"end":{"line":7,"column":46}},"7":{"start":{"line":8,"column":0},"end":{"line":8,"column":52}},"8":{"start":{"line":9,"column":0},"end":{"line":9,"column":62}},"9":{"start":{"line":10,"column":0},"end":{"line":10,"column":41}},"10":{"start":{"line":12,"column":25},"end":{"line":41,"column":1}},"11":{"start":{"line":13,"column":14},"end":{"line":13,"column":23}},"12":{"start":{"line":16,"column":2},"end":{"line":18,"column":3}},"13":{"start":{"line":17,"column":4},"end":{"line":17,"column":37}},"14":{"start":{"line":21,"column":2},"end":{"line":21,"column":18}},"15":{"start":{"line":22,"column":2},"end":{"line":22,"column":26}},"16":{"start":{"line":23,"column":2},"end":{"line":23,"column":25}},"17":{"start":{"line":26,"column":2},"end":{"line":26,"column":64}},"18":{"start":{"line":29,"column":2},"end":{"line":31,"column":5}},"19":{"start":{"line":30,"column":4},"end":{"line":30,"column":68}},"20":{"start":{"line":34,"column":2},"end":{"line":34,"column":31}},"21":{"start":{"line":35,"column":2},"end":{"line":35,"column":38}},"22":{"start":{"line":38,"column":2},"end":{"line":38,"column":24}},"23":{"start":{"line":40,"column":2},"end":{"line":40,"column":13}},"24":{"start":{"line":12,"column":13},"end":{"line":12,"column":25}}},"fnMap":{"0":{"name":"(anonymous_1)","decl":{"start":{"line":12,"column":25},"end":{"line":12,"column":30}},"loc":{"start":{"line":12,"column":36},"end":{"line":41,"column":1}}},"1":{"name":"(anonymous_2)","decl":{"start":{"line":29,"column":21},"end":{"line":29,"column":22}},"loc":{"start":{"line":29,"column":54},"end":{"line":31,"column":3}}}},"branchMap":{"0":{"loc":{"start":{"line":16,"column":2},"end":{"line":18,"column":3}},"type":"if","locations":[{"start":{"line":16,"column":2},"end":{"line":18,"column":3}}]}},"s":{"0":2,"1":2,"2":2,"3":2,"4":2,"5":2,"6":2,"7":2,"8":2,"9":2,"10":2,"11":2,"12":2,"13":0,"14":2,"15":2,"16":2,"17":2,"18":2,"19":0,"20":2,"21":2,"22":2,"23":2,"24":2},"f":{"0":2,"1":0},"b":{"0":[0]}}
,"/home/antonio/Documentos/desafios/itall/src/config/constants.ts": {"path":"/home/antonio/Documentos/desafios/itall/src/config/constants.ts","statementMap":{"0":{"start":{"line":1,"column":13},"end":{"line":4,"column":2}},"1":{"start":{"line":6,"column":13},"end":{"line":8,"column":2}},"2":{"start":{"line":10,"column":13},"end":{"line":18,"column":11}}},"fnMap":{},"branchMap":{"0":{"loc":{"start":{"line":2,"column":10},"end":{"line":2,"column":62}},"type":"binary-expr","locations":[{"start":{"line":2,"column":10},"end":{"line":2,"column":32}},{"start":{"line":2,"column":36},"end":{"line":2,"column":62}}]}},"s":{"0":2,"1":2,"2":2},"f":{},"b":{"0":[2,0]}}
,"/home/antonio/Documentos/desafios/itall/src/config/ormconfig.ts": {"path":"/home/antonio/Documentos/desafios/itall/src/config/ormconfig.ts","statementMap":{"0":{"start":{"line":1,"column":0},"end":{"line":1,"column":37}},"1":{"start":{"line":2,"column":0},"end":{"line":2,"column":28}},"2":{"start":{"line":4,"column":0},"end":{"line":4,"column":16}},"3":{"start":{"line":6,"column":13},"end":{"line":18,"column":3}}},"fnMap":{},"branchMap":{"0":{"loc":{"start":{"line":8,"column":8},"end":{"line":8,"column":42}},"type":"binary-expr","locations":[{"start":{"line":8,"column":8},"end":{"line":8,"column":27}},{"start":{"line":8,"column":31},"end":{"line":8,"column":42}}]},"1":{"loc":{"start":{"line":9,"column":17},"end":{"line":9,"column":46}},"type":"binary-expr","locations":[{"start":{"line":9,"column":17},"end":{"line":9,"column":36}},{"start":{"line":9,"column":40},"end":{"line":9,"column":46}}]},"2":{"loc":{"start":{"line":10,"column":12},"end":{"line":10,"column":49}},"type":"binary-expr","locations":[{"start":{"line":10,"column":12},"end":{"line":10,"column":35}},{"start":{"line":10,"column":39},"end":{"line":10,"column":49}}]},"3":{"loc":{"start":{"line":11,"column":12},"end":{"line":11,"column":49}},"type":"binary-expr","locations":[{"start":{"line":11,"column":12},"end":{"line":11,"column":35}},{"start":{"line":11,"column":39},"end":{"line":11,"column":49}}]},"4":{"loc":{"start":{"line":12,"column":12},"end":{"line":12,"column":52}},"type":"binary-expr","locations":[{"start":{"line":12,"column":12},"end":{"line":12,"column":35}},{"start":{"line":12,"column":39},"end":{"line":12,"column":52}}]}},"s":{"0":2,"1":2,"2":2,"3":2},"f":{},"b":{"0":[2,0],"1":[2,0],"2":[2,0],"3":[2,0],"4":[2,0]}}
,"/home/antonio/Documentos/desafios/itall/src/config/swagger.ts": {"path":"/home/antonio/Documentos/desafios/itall/src/config/swagger.ts","statementMap":{"0":{"start":{"line":1,"column":0},"end":{"line":1,"column":41}},"1":{"start":{"line":3,"column":16},"end":{"line":25,"column":2}},"2":{"start":{"line":27,"column":13},"end":{"line":27,"column":43}}},"fnMap":{},"branchMap":{},"s":{"0":2,"1":2,"2":2},"f":{},"b":{}}
,"/home/antonio/Documentos/desafios/itall/src/controllers/auth.controller.ts": {"path":"/home/antonio/Documentos/desafios/itall/src/controllers/auth.controller.ts","statementMap":{"0":{"start":{"line":2,"column":0},"end":{"line":2,"column":53}},"1":{"start":{"line":3,"column":0},"end":{"line":3,"column":55}},"2":{"start":{"line":4,"column":0},"end":{"line":4,"column":59}},"3":{"start":{"line":5,"column":0},"end":{"line":5,"column":43}},"4":{"start":{"line":11,"column":4},"end":{"line":11,"column":41}},"5":{"start":{"line":15,"column":4},"end":{"line":49,"column":5}},"6":{"start":{"line":16,"column":21},"end":{"line":16,"column":42}},"7":{"start":{"line":17,"column":6},"end":{"line":19,"column":7}},"8":{"start":{"line":18,"column":8},"end":{"line":18,"column":55}},"9":{"start":{"line":21,"column":40},"end":{"line":21,"column":48}},"10":{"start":{"line":22,"column":21},"end":{"line":22,"column":79}},"11":{"start":{"line":24,"column":6},"end":{"line":31,"column":9}},"12":{"start":{"line":33,"column":6},"end":{"line":38,"column":7}},"13":{"start":{"line":34,"column":8},"end":{"line":37,"column":11}},"14":{"start":{"line":41,"column":6},"end":{"line":46,"column":7}},"15":{"start":{"line":42,"column":8},"end":{"line":45,"column":11}},"16":{"start":{"line":48,"column":6},"end":{"line":48,"column":18}},"17":{"start":{"line":53,"column":4},"end":{"line":78,"column":5}},"18":{"start":{"line":54,"column":21},"end":{"line":54,"column":42}},"19":{"start":{"line":55,"column":6},"end":{"line":57,"column":7}},"20":{"start":{"line":56,"column":8},"end":{"line":56,"column":55}},"21":{"start":{"line":59,"column":34},"end":{"line":59,"column":42}},"22":{"start":{"line":60,"column":21},"end":{"line":60,"column":70}},"23":{"start":{"line":62,"column":6},"end":{"line":69,"column":9}},"24":{"start":{"line":71,"column":6},"end":{"line":76,"column":7}},"25":{"start":{"line":72,"column":8},"end":{"line":75,"column":11}},"26":{"start":{"line":77,"column":6},"end":{"line":77,"column":18}},"27":{"start":{"line":7,"column":0},"end":{"line":7,"column":13}}},"fnMap":{"0":{"name":"(anonymous_0)","decl":{"start":{"line":10,"column":2},"end":{"line":10,"column":null}},"loc":{"start":{"line":10,"column":2},"end":{"line":12,"column":3}}},"1":{"name":"(anonymous_1)","decl":{"start":{"line":14,"column":2},"end":{"line":14,"column":7}},"loc":{"start":{"line":14,"column":64},"end":{"line":50,"column":3}}},"2":{"name":"(anonymous_2)","decl":{"start":{"line":52,"column":2},"end":{"line":52,"column":7}},"loc":{"start":{"line":52,"column":61},"end":{"line":79,"column":3}}}},"branchMap":{"0":{"loc":{"start":{"line":17,"column":6},"end":{"line":19,"column":7}},"type":"if","locations":[{"start":{"line":17,"column":6},"end":{"line":19,"column":7}}]},"1":{"loc":{"start":{"line":33,"column":6},"end":{"line":38,"column":7}},"type":"if","locations":[{"start":{"line":33,"column":6},"end":{"line":38,"column":7}}]},"2":{"loc":{"start":{"line":41,"column":6},"end":{"line":46,"column":7}},"type":"if","locations":[{"start":{"line":41,"column":6},"end":{"line":46,"column":7}}]},"3":{"loc":{"start":{"line":41,"column":10},"end":{"line":41,"column":119}},"type":"binary-expr","locations":[{"start":{"line":41,"column":10},"end":{"line":41,"column":43}},{"start":{"line":41,"column":47},"end":{"line":41,"column":119}}]},"4":{"loc":{"start":{"line":55,"column":6},"end":{"line":57,"column":7}},"type":"if","locations":[{"start":{"line":55,"column":6},"end":{"line":57,"column":7}}]},"5":{"loc":{"start":{"line":71,"column":6},"end":{"line":76,"column":7}},"type":"if","locations":[{"start":{"line":71,"column":6},"end":{"line":76,"column":7}}]}},"s":{"0":2,"1":2,"2":2,"3":2,"4":2,"5":32,"6":32,"7":32,"8":2,"9":30,"10":30,"11":29,"12":3,"13":3,"14":0,"15":0,"16":0,"17":27,"18":27,"19":27,"20":2,"21":25,"22":25,"23":22,"24":5,"25":5,"26":0,"27":2},"f":{"0":2,"1":32,"2":27},"b":{"0":[2],"1":[3],"2":[0],"3":[0,0],"4":[2],"5":[5]}}
,"/home/antonio/Documentos/desafios/itall/src/controllers/product.controller.ts": {"path":"/home/antonio/Documentos/desafios/itall/src/controllers/product.controller.ts","statementMap":{"0":{"start":{"line":2,"column":0},"end":{"line":2,"column":61}},"1":{"start":{"line":3,"column":0},"end":{"line":3,"column":59}},"2":{"start":{"line":4,"column":0},"end":{"line":4,"column":60}},"3":{"start":{"line":10,"column":4},"end":{"line":10,"column":47}},"4":{"start":{"line":14,"column":4},"end":{"line":45,"column":5}},"5":{"start":{"line":15,"column":60},"end":{"line":15,"column":68}},"6":{"start":{"line":17,"column":6},"end":{"line":19,"column":7}},"7":{"start":{"line":18,"column":8},"end":{"line":18,"column":59}},"8":{"start":{"line":21,"column":22},"end":{"line":27,"column":8}},"9":{"start":{"line":29,"column":6},"end":{"line":33,"column":9}},"10":{"start":{"line":35,"column":6},"end":{"line":40,"column":7}},"11":{"start":{"line":36,"column":8},"end":{"line":39,"column":11}},"12":{"start":{"line":41,"column":6},"end":{"line":44,"column":9}},"13":{"start":{"line":49,"column":4},"end":{"line":85,"column":5}},"14":{"start":{"line":50,"column":60},"end":{"line":50,"column":69}},"15":{"start":{"line":51,"column":22},"end":{"line":57,"column":8}},"16":{"start":{"line":59,"column":32},"end":{"line":59,"column":81}},"17":{"start":{"line":60,"column":6},"end":{"line":73,"column":9}},"18":{"start":{"line":64,"column":57},"end":{"line":67,"column":12}},"19":{"start":{"line":75,"column":6},"end":{"line":80,"column":7}},"20":{"start":{"line":76,"column":8},"end":{"line":79,"column":11}},"21":{"start":{"line":81,"column":6},"end":{"line":84,"column":9}},"22":{"start":{"line":89,"column":4},"end":{"line":119,"column":5}},"23":{"start":{"line":90,"column":21},"end":{"line":90,"column":31}},"24":{"start":{"line":93,"column":6},"end":{"line":95,"column":7}},"25":{"start":{"line":94,"column":8},"end":{"line":94,"column":61}},"26":{"start":{"line":97,"column":22},"end":{"line":97,"column":66}},"27":{"start":{"line":99,"column":6},"end":{"line":101,"column":7}},"28":{"start":{"line":100,"column":8},"end":{"line":100,"column":53}},"29":{"start":{"line":103,"column":6},"end":{"line":107,"column":9}},"30":{"start":{"line":109,"column":6},"end":{"line":114,"column":7}},"31":{"start":{"line":110,"column":8},"end":{"line":113,"column":11}},"32":{"start":{"line":115,"column":6},"end":{"line":118,"column":9}},"33":{"start":{"line":123,"column":4},"end":{"line":144,"column":5}},"34":{"start":{"line":124,"column":21},"end":{"line":124,"column":31}},"35":{"start":{"line":125,"column":25},"end":{"line":125,"column":33}},"36":{"start":{"line":126,"column":22},"end":{"line":126,"column":77}},"37":{"start":{"line":128,"column":6},"end":{"line":132,"column":9}},"38":{"start":{"line":134,"column":6},"end":{"line":139,"column":7}},"39":{"start":{"line":135,"column":8},"end":{"line":138,"column":11}},"40":{"start":{"line":140,"column":6},"end":{"line":143,"column":9}},"41":{"start":{"line":148,"column":4},"end":{"line":167,"column":5}},"42":{"start":{"line":149,"column":21},"end":{"line":149,"column":31}},"43":{"start":{"line":150,"column":6},"end":{"line":150,"column":50}},"44":{"start":{"line":152,"column":6},"end":{"line":155,"column":9}},"45":{"start":{"line":157,"column":6},"end":{"line":162,"column":7}},"46":{"start":{"line":158,"column":8},"end":{"line":161,"column":11}},"47":{"start":{"line":163,"column":6},"end":{"line":166,"column":9}},"48":{"start":{"line":6,"column":0},"end":{"line":6,"column":13}}},"fnMap":{"0":{"name":"(anonymous_0)","decl":{"start":{"line":9,"column":2},"end":{"line":9,"column":null}},"loc":{"start":{"line":9,"column":2},"end":{"line":11,"column":3}}},"1":{"name":"(anonymous_1)","decl":{"start":{"line":13,"column":2},"end":{"line":13,"column":7}},"loc":{"start":{"line":13,"column":49},"end":{"line":46,"column":3}}},"2":{"name":"(anonymous_2)","decl":{"start":{"line":48,"column":2},"end":{"line":48,"column":7}},"loc":{"start":{"line":48,"column":50},"end":{"line":86,"column":3}}},"3":{"name":"(anonymous_3)","decl":{"start":{"line":64,"column":45},"end":{"line":64,"column":52}},"loc":{"start":{"line":64,"column":57},"end":{"line":67,"column":12}}},"4":{"name":"(anonymous_4)","decl":{"start":{"line":88,"column":2},"end":{"line":88,"column":7}},"loc":{"start":{"line":88,"column":50},"end":{"line":120,"column":3}}},"5":{"name":"(anonymous_5)","decl":{"start":{"line":122,"column":2},"end":{"line":122,"column":7}},"loc":{"start":{"line":122,"column":49},"end":{"line":145,"column":3}}},"6":{"name":"(anonymous_6)","decl":{"start":{"line":147,"column":2},"end":{"line":147,"column":7}},"loc":{"start":{"line":147,"column":49},"end":{"line":168,"column":3}}}},"branchMap":{"0":{"loc":{"start":{"line":17,"column":6},"end":{"line":19,"column":7}},"type":"if","locations":[{"start":{"line":17,"column":6},"end":{"line":19,"column":7}}]},"1":{"loc":{"start":{"line":17,"column":10},"end":{"line":17,"column":61}},"type":"binary-expr","locations":[{"start":{"line":17,"column":10},"end":{"line":17,"column":15}},{"start":{"line":17,"column":19},"end":{"line":17,"column":25}},{"start":{"line":17,"column":29},"end":{"line":17,"column":38}},{"start":{"line":17,"column":42},"end":{"line":17,"column":61}}]},"2":{"loc":{"start":{"line":35,"column":6},"end":{"line":40,"column":7}},"type":"if","locations":[{"start":{"line":35,"column":6},"end":{"line":40,"column":7}}]},"3":{"loc":{"start":{"line":53,"column":18},"end":{"line":53,"column":57}},"type":"cond-expr","locations":[{"start":{"line":53,"column":29},"end":{"line":53,"column":45}},{"start":{"line":53,"column":48},"end":{"line":53,"column":57}}]},"4":{"loc":{"start":{"line":54,"column":18},"end":{"line":54,"column":57}},"type":"cond-expr","locations":[{"start":{"line":54,"column":29},"end":{"line":54,"column":45}},{"start":{"line":54,"column":48},"end":{"line":54,"column":57}}]},"5":{"loc":{"start":{"line":55,"column":14},"end":{"line":55,"column":45}},"type":"cond-expr","locations":[{"start":{"line":55,"column":21},"end":{"line":55,"column":33}},{"start":{"line":55,"column":36},"end":{"line":55,"column":45}}]},"6":{"loc":{"start":{"line":56,"column":15},"end":{"line":56,"column":48}},"type":"cond-expr","locations":[{"start":{"line":56,"column":23},"end":{"line":56,"column":36}},{"start":{"line":56,"column":39},"end":{"line":56,"column":48}}]},"7":{"loc":{"start":{"line":75,"column":6},"end":{"line":80,"column":7}},"type":"if","locations":[{"start":{"line":75,"column":6},"end":{"line":80,"column":7}}]},"8":{"loc":{"start":{"line":93,"column":6},"end":{"line":95,"column":7}},"type":"if","locations":[{"start":{"line":93,"column":6},"end":{"line":95,"column":7}}]},"9":{"loc":{"start":{"line":99,"column":6},"end":{"line":101,"column":7}},"type":"if","locations":[{"start":{"line":99,"column":6},"end":{"line":101,"column":7}}]},"10":{"loc":{"start":{"line":109,"column":6},"end":{"line":114,"column":7}},"type":"if","locations":[{"start":{"line":109,"column":6},"end":{"line":114,"column":7}}]},"11":{"loc":{"start":{"line":134,"column":6},"end":{"line":139,"column":7}},"type":"if","locations":[{"start":{"line":134,"column":6},"end":{"line":139,"column":7}}]},"12":{"loc":{"start":{"line":157,"column":6},"end":{"line":162,"column":7}},"type":"if","locations":[{"start":{"line":157,"column":6},"end":{"line":162,"column":7}}]}},"s":{"0":2,"1":2,"2":2,"3":2,"4":29,"5":29,"6":29,"7":0,"8":29,"9":29,"10":0,"11":0,"12":0,"13":6,"14":6,"15":6,"16":6,"17":4,"18":8,"19":2,"20":2,"21":0,"22":0,"23":0,"24":0,"25":0,"26":0,"27":0,"28":0,"29":0,"30":0,"31":0,"32":0,"33":3,"34":3,"35":3,"36":3,"37":1,"38":2,"39":2,"40":0,"41":2,"42":2,"43":2,"44":1,"45":1,"46":1,"47":0,"48":2},"f":{"0":2,"1":29,"2":6,"3":8,"4":0,"5":3,"6":2},"b":{"0":[0],"1":[29,29,29,29],"2":[0],"3":[2,4],"4":[2,4],"5":[2,4],"6":[1,5],"7":[2],"8":[0],"9":[0],"10":[0],"11":[2],"12":[1]}}
,"/home/antonio/Documentos/desafios/itall/src/middlewares/auth.middleware.ts": {"path":"/home/antonio/Documentos/desafios/itall/src/middlewares/auth.middleware.ts","statementMap":{"0":{"start":{"line":2,"column":0},"end":{"line":2,"column":31}},"1":{"start":{"line":3,"column":0},"end":{"line":3,"column":52}},"2":{"start":{"line":4,"column":0},"end":{"line":4,"column":38}},"3":{"start":{"line":12,"column":30},"end":{"line":53,"column":1}},"4":{"start":{"line":17,"column":21},"end":{"line":17,"column":46}},"5":{"start":{"line":19,"column":2},"end":{"line":24,"column":3}},"6":{"start":{"line":20,"column":4},"end":{"line":23,"column":7}},"7":{"start":{"line":26,"column":20},"end":{"line":26,"column":41}},"8":{"start":{"line":28,"column":2},"end":{"line":52,"column":3}},"9":{"start":{"line":29,"column":20},"end":{"line":31,"column":null}},"10":{"start":{"line":34,"column":27},"end":{"line":34,"column":60}},"11":{"start":{"line":35,"column":17},"end":{"line":35,"column":80}},"12":{"start":{"line":37,"column":4},"end":{"line":42,"column":5}},"13":{"start":{"line":38,"column":6},"end":{"line":41,"column":9}},"14":{"start":{"line":44,"column":4},"end":{"line":44,"column":31}},"15":{"start":{"line":46,"column":4},"end":{"line":46,"column":18}},"16":{"start":{"line":48,"column":4},"end":{"line":51,"column":7}},"17":{"start":{"line":12,"column":13},"end":{"line":12,"column":30}}},"fnMap":{"0":{"name":"(anonymous_1)","decl":{"start":{"line":12,"column":30},"end":{"line":12,"column":35}},"loc":{"start":{"line":16,"column":4},"end":{"line":53,"column":1}}}},"branchMap":{"0":{"loc":{"start":{"line":19,"column":2},"end":{"line":24,"column":3}},"type":"if","locations":[{"start":{"line":19,"column":2},"end":{"line":24,"column":3}}]},"1":{"loc":{"start":{"line":31,"column":6},"end":{"line":31,"column":49}},"type":"binary-expr","locations":[{"start":{"line":31,"column":6},"end":{"line":31,"column":28}},{"start":{"line":31,"column":32},"end":{"line":31,"column":49}}]},"2":{"loc":{"start":{"line":37,"column":4},"end":{"line":42,"column":5}},"type":"if","locations":[{"start":{"line":37,"column":4},"end":{"line":42,"column":5}}]}},"s":{"0":2,"1":2,"2":2,"3":2,"4":50,"5":50,"6":4,"7":46,"8":46,"9":46,"10":46,"11":46,"12":46,"13":3,"14":43,"15":43,"16":0,"17":2},"f":{"0":50},"b":{"0":[4],"1":[46,0],"2":[3]}}
,"/home/antonio/Documentos/desafios/itall/src/middlewares/error.middleware.ts": {"path":"/home/antonio/Documentos/desafios/itall/src/middlewares/error.middleware.ts","statementMap":{"0":{"start":{"line":8,"column":4},"end":{"line":8,"column":19}},"1":{"start":{"line":5,"column":11},"end":{"line":5,"column":26}},"2":{"start":{"line":6,"column":11},"end":{"line":6,"column":32}},"3":{"start":{"line":9,"column":4},"end":{"line":9,"column":27}},"4":{"start":{"line":3,"column":0},"end":{"line":3,"column":13}},"5":{"start":{"line":13,"column":28},"end":{"line":31,"column":1}},"6":{"start":{"line":19,"column":2},"end":{"line":24,"column":3}},"7":{"start":{"line":20,"column":4},"end":{"line":23,"column":7}},"8":{"start":{"line":26,"column":2},"end":{"line":26,"column":23}},"9":{"start":{"line":27,"column":2},"end":{"line":30,"column":5}},"10":{"start":{"line":13,"column":13},"end":{"line":13,"column":28}}},"fnMap":{"0":{"name":"(anonymous_0)","decl":{"start":{"line":4,"column":2},"end":{"line":4,"column":null}},"loc":{"start":{"line":6,"column":35},"end":{"line":10,"column":3}}},"1":{"name":"(anonymous_1)","decl":{"start":{"line":13,"column":28},"end":{"line":13,"column":null}},"loc":{"start":{"line":18,"column":4},"end":{"line":31,"column":1}}}},"branchMap":{"0":{"loc":{"start":{"line":6,"column":11},"end":{"line":6,"column":35}},"type":"default-arg","locations":[{"start":{"line":6,"column":32},"end":{"line":6,"column":35}}]},"1":{"loc":{"start":{"line":19,"column":2},"end":{"line":24,"column":3}},"type":"if","locations":[{"start":{"line":19,"column":2},"end":{"line":24,"column":3}}]}},"s":{"0":13,"1":13,"2":13,"3":13,"4":2,"5":2,"6":0,"7":0,"8":0,"9":0,"10":2},"f":{"0":13,"1":0},"b":{"0":[0],"1":[0]}}
,"/home/antonio/Documentos/desafios/itall/src/models/Product.ts": {"path":"/home/antonio/Documentos/desafios/itall/src/models/Product.ts","statementMap":{"0":{"start":{"line":1,"column":0},"end":{"line":1,"column":101}},"1":{"start":{"line":4,"column":7},"end":{"line":28,"column":null}},"2":{"start":{"line":4,"column":13},"end":{"line":4,"column":20}},"3":{"start":{"line":6,"column":2},"end":{"line":6,"column":null}},"4":{"start":{"line":9,"column":2},"end":{"line":9,"column":null}},"5":{"start":{"line":12,"column":2},"end":{"line":12,"column":null}},"6":{"start":{"line":15,"column":2},"end":{"line":15,"column":null}},"7":{"start":{"line":18,"column":2},"end":{"line":18,"column":null}},"8":{"start":{"line":21,"column":2},"end":{"line":21,"column":null}},"9":{"start":{"line":24,"column":2},"end":{"line":24,"column":null}},"10":{"start":{"line":27,"column":2},"end":{"line":27,"column":null}},"11":{"start":{"line":4,"column":13},"end":{"line":28,"column":null}}},"fnMap":{},"branchMap":{},"s":{"0":2,"1":2,"2":2,"3":2,"4":2,"5":2,"6":2,"7":2,"8":2,"9":2,"10":2,"11":2},"f":{},"b":{}}
,"/home/antonio/Documentos/desafios/itall/src/models/User.ts": {"path":"/home/antonio/Documentos/desafios/itall/src/models/User.ts","statementMap":{"0":{"start":{"line":1,"column":0},"end":{"line":1,"column":115}},"1":{"start":{"line":2,"column":0},"end":{"line":2,"column":30}},"2":{"start":{"line":5,"column":7},"end":{"line":34,"column":null}},"3":{"start":{"line":26,"column":4},"end":{"line":28,"column":5}},"4":{"start":{"line":27,"column":6},"end":{"line":27,"column":59}},"5":{"start":{"line":32,"column":4},"end":{"line":32,"column":60}},"6":{"start":{"line":5,"column":13},"end":{"line":5,"column":17}},"7":{"start":{"line":7,"column":2},"end":{"line":7,"column":null}},"8":{"start":{"line":10,"column":2},"end":{"line":10,"column":null}},"9":{"start":{"line":13,"column":2},"end":{"line":13,"column":null}},"10":{"start":{"line":16,"column":2},"end":{"line":16,"column":null}},"11":{"start":{"line":19,"column":2},"end":{"line":19,"column":null}},"12":{"start":{"line":22,"column":2},"end":{"line":22,"column":null}},"13":{"start":{"line":25,"column":8},"end":{"line":29,"column":null}},"14":{"start":{"line":5,"column":13},"end":{"line":34,"column":null}}},"fnMap":{"0":{"name":"(anonymous_3)","decl":{"start":{"line":25,"column":2},"end":{"line":25,"column":7}},"loc":{"start":{"line":25,"column":20},"end":{"line":29,"column":3}}},"1":{"name":"(anonymous_4)","decl":{"start":{"line":31,"column":2},"end":{"line":31,"column":7}},"loc":{"start":{"line":31,"column":49},"end":{"line":33,"column":3}}}},"branchMap":{"0":{"loc":{"start":{"line":26,"column":4},"end":{"line":28,"column":5}},"type":"if","locations":[{"start":{"line":26,"column":4},"end":{"line":28,"column":5}}]}},"s":{"0":2,"1":2,"2":2,"3":29,"4":29,"5":23,"6":2,"7":2,"8":2,"9":2,"10":2,"11":2,"12":2,"13":2,"14":2},"f":{"0":29,"1":23},"b":{"0":[29]}}
,"/home/antonio/Documentos/desafios/itall/src/routes/auth.routes.ts": {"path":"/home/antonio/Documentos/desafios/itall/src/routes/auth.routes.ts","statementMap":{"0":{"start":{"line":1,"column":0},"end":{"line":1,"column":33}},"1":{"start":{"line":2,"column":0},"end":{"line":2,"column":64}},"2":{"start":{"line":3,"column":0},"end":{"line":3,"column":41}},"3":{"start":{"line":5,"column":15},"end":{"line":5,"column":23}},"4":{"start":{"line":6,"column":23},"end":{"line":6,"column":43}},"5":{"start":{"line":83,"column":0},"end":{"line":93,"column":2}},"6":{"start":{"line":119,"column":0},"end":{"line":126,"column":2}},"7":{"start":{"line":128,"column":0},"end":{"line":128,"column":22}}},"fnMap":{},"branchMap":{},"s":{"0":2,"1":2,"2":2,"3":2,"4":2,"5":2,"6":2,"7":2},"f":{},"b":{}}
,"/home/antonio/Documentos/desafios/itall/src/routes/product.routes.ts": {"path":"/home/antonio/Documentos/desafios/itall/src/routes/product.routes.ts","statementMap":{"0":{"start":{"line":1,"column":0},"end":{"line":1,"column":33}},"1":{"start":{"line":2,"column":0},"end":{"line":2,"column":70}},"2":{"start":{"line":3,"column":0},"end":{"line":3,"column":64}},"3":{"start":{"line":4,"column":0},"end":{"line":4,"column":41}},"4":{"start":{"line":6,"column":15},"end":{"line":6,"column":23}},"5":{"start":{"line":7,"column":26},"end":{"line":7,"column":49}},"6":{"start":{"line":42,"column":0},"end":{"line":42,"column":27}},"7":{"start":{"line":66,"column":0},"end":{"line":75,"column":2}},"8":{"start":{"line":149,"column":0},"end":{"line":149,"column":74}},"9":{"start":{"line":182,"column":0},"end":{"line":195,"column":2}},"10":{"start":{"line":220,"column":0},"end":{"line":220,"column":79}},"11":{"start":{"line":222,"column":0},"end":{"line":222,"column":22}}},"fnMap":{},"branchMap":{},"s":{"0":2,"1":2,"2":2,"3":2,"4":2,"5":2,"6":2,"7":2,"8":2,"9":2,"10":2,"11":2},"f":{},"b":{}}
,"/home/antonio/Documentos/desafios/itall/src/services/auth.service.ts": {"path":"/home/antonio/Documentos/desafios/itall/src/services/auth.service.ts","statementMap":{"0":{"start":{"line":2,"column":0},"end":{"line":2,"column":36}},"1":{"start":{"line":3,"column":0},"end":{"line":3,"column":38}},"2":{"start":{"line":4,"column":0},"end":{"line":4,"column":52}},"3":{"start":{"line":5,"column":0},"end":{"line":5,"column":59}},"4":{"start":{"line":6,"column":0},"end":{"line":6,"column":53}},"5":{"start":{"line":13,"column":4},"end":{"line":13,"column":60}},"6":{"start":{"line":17,"column":25},"end":{"line":19,"column":6}},"7":{"start":{"line":21,"column":4},"end":{"line":23,"column":5}},"8":{"start":{"line":22,"column":6},"end":{"line":22,"column":59}},"9":{"start":{"line":25,"column":17},"end":{"line":29,"column":6}},"10":{"start":{"line":31,"column":4},"end":{"line":31,"column":41}},"11":{"start":{"line":33,"column":18},"end":{"line":33,"column":45}},"12":{"start":{"line":34,"column":4},"end":{"line":41,"column":6}},"13":{"start":{"line":45,"column":17},"end":{"line":48,"column":6}},"14":{"start":{"line":50,"column":4},"end":{"line":52,"column":5}},"15":{"start":{"line":51,"column":6},"end":{"line":51,"column":66}},"16":{"start":{"line":54,"column":28},"end":{"line":54,"column":76}},"17":{"start":{"line":55,"column":4},"end":{"line":57,"column":5}},"18":{"start":{"line":56,"column":6},"end":{"line":56,"column":66}},"19":{"start":{"line":59,"column":18},"end":{"line":59,"column":45}},"20":{"start":{"line":60,"column":4},"end":{"line":67,"column":6}},"21":{"start":{"line":71,"column":4},"end":{"line":73,"column":7}},"22":{"start":{"line":77,"column":4},"end":{"line":86,"column":5}},"23":{"start":{"line":78,"column":22},"end":{"line":78,"column":106}},"24":{"start":{"line":79,"column":19},"end":{"line":79,"column":87}},"25":{"start":{"line":80,"column":6},"end":{"line":82,"column":7}},"26":{"start":{"line":81,"column":8},"end":{"line":81,"column":63}},"27":{"start":{"line":83,"column":6},"end":{"line":83,"column":18}},"28":{"start":{"line":85,"column":6},"end":{"line":85,"column":60}},"29":{"start":{"line":9,"column":0},"end":{"line":9,"column":13}}},"fnMap":{"0":{"name":"(anonymous_9)","decl":{"start":{"line":12,"column":2},"end":{"line":12,"column":null}},"loc":{"start":{"line":12,"column":2},"end":{"line":14,"column":3}}},"1":{"name":"(anonymous_10)","decl":{"start":{"line":16,"column":2},"end":{"line":16,"column":7}},"loc":{"start":{"line":16,"column":38},"end":{"line":42,"column":3}}},"2":{"name":"(anonymous_11)","decl":{"start":{"line":44,"column":2},"end":{"line":44,"column":7}},"loc":{"start":{"line":44,"column":45},"end":{"line":68,"column":3}}},"3":{"name":"(anonymous_12)","decl":{"start":{"line":70,"column":10},"end":{"line":70,"column":23}},"loc":{"start":{"line":70,"column":38},"end":{"line":74,"column":3}}},"4":{"name":"(anonymous_13)","decl":{"start":{"line":76,"column":2},"end":{"line":76,"column":7}},"loc":{"start":{"line":76,"column":35},"end":{"line":87,"column":3}}}},"branchMap":{"0":{"loc":{"start":{"line":21,"column":4},"end":{"line":23,"column":5}},"type":"if","locations":[{"start":{"line":21,"column":4},"end":{"line":23,"column":5}}]},"1":{"loc":{"start":{"line":50,"column":4},"end":{"line":52,"column":5}},"type":"if","locations":[{"start":{"line":50,"column":4},"end":{"line":52,"column":5}}]},"2":{"loc":{"start":{"line":55,"column":4},"end":{"line":57,"column":5}},"type":"if","locations":[{"start":{"line":55,"column":4},"end":{"line":57,"column":5}}]},"3":{"loc":{"start":{"line":71,"column":32},"end":{"line":71,"column":75}},"type":"binary-expr","locations":[{"start":{"line":71,"column":32},"end":{"line":71,"column":54}},{"start":{"line":71,"column":58},"end":{"line":71,"column":75}}]},"4":{"loc":{"start":{"line":78,"column":40},"end":{"line":78,"column":83}},"type":"binary-expr","locations":[{"start":{"line":78,"column":40},"end":{"line":78,"column":62}},{"start":{"line":78,"column":66},"end":{"line":78,"column":83}}]},"5":{"loc":{"start":{"line":80,"column":6},"end":{"line":82,"column":7}},"type":"if","locations":[{"start":{"line":80,"column":6},"end":{"line":82,"column":7}}]}},"s":{"0":2,"1":2,"2":2,"3":2,"4":2,"5":2,"6":30,"7":30,"8":1,"9":29,"10":29,"11":29,"12":29,"13":25,"14":25,"15":2,"16":23,"17":23,"18":1,"19":22,"20":22,"21":51,"22":0,"23":0,"24":0,"25":0,"26":0,"27":0,"28":0,"29":2},"f":{"0":2,"1":30,"2":25,"3":51,"4":0},"b":{"0":[1],"1":[2],"2":[1],"3":[51,0],"4":[0,0],"5":[0]}}
,"/home/antonio/Documentos/desafios/itall/src/services/product.service.ts": {"path":"/home/antonio/Documentos/desafios/itall/src/services/product.service.ts","statementMap":{"0":{"start":{"line":2,"column":0},"end":{"line":2,"column":44}},"1":{"start":{"line":3,"column":0},"end":{"line":3,"column":52}},"2":{"start":{"line":5,"column":0},"end":{"line":5,"column":59}},"3":{"start":{"line":6,"column":0},"end":{"line":6,"column":53}},"4":{"start":{"line":7,"column":0},"end":{"line":7,"column":60}},"5":{"start":{"line":13,"column":4},"end":{"line":13,"column":66}},"6":{"start":{"line":17,"column":4},"end":{"line":17,"column":46}},"7":{"start":{"line":18,"column":20},"end":{"line":18,"column":55}},"8":{"start":{"line":19,"column":4},"end":{"line":19,"column":47}},"9":{"start":{"line":20,"column":4},"end":{"line":20,"column":19}},"10":{"start":{"line":24,"column":4},"end":{"line":24,"column":74}},"11":{"start":{"line":25,"column":4},"end":{"line":25,"column":75}},"12":{"start":{"line":27,"column":17},"end":{"line":27,"column":34}},"13":{"start":{"line":28,"column":18},"end":{"line":28,"column":37}},"14":{"start":{"line":29,"column":17},"end":{"line":29,"column":35}},"15":{"start":{"line":31,"column":25},"end":{"line":31,"column":77}},"16":{"start":{"line":33,"column":4},"end":{"line":35,"column":5}},"17":{"start":{"line":34,"column":6},"end":{"line":34,"column":92}},"18":{"start":{"line":37,"column":4},"end":{"line":39,"column":5}},"19":{"start":{"line":38,"column":6},"end":{"line":38,"column":90}},"20":{"start":{"line":41,"column":4},"end":{"line":43,"column":5}},"21":{"start":{"line":42,"column":6},"end":{"line":42,"column":90}},"22":{"start":{"line":45,"column":27},"end":{"line":48,"column":24}},"23":{"start":{"line":50,"column":4},"end":{"line":56,"column":6}},"24":{"start":{"line":60,"column":4},"end":{"line":75,"column":5}},"25":{"start":{"line":61,"column":6},"end":{"line":63,"column":7}},"26":{"start":{"line":62,"column":8},"end":{"line":62,"column":61}},"27":{"start":{"line":65,"column":22},"end":{"line":65,"column":77}},"28":{"start":{"line":66,"column":6},"end":{"line":68,"column":7}},"29":{"start":{"line":67,"column":8},"end":{"line":67,"column":66}},"30":{"start":{"line":69,"column":6},"end":{"line":69,"column":21}},"31":{"start":{"line":71,"column":6},"end":{"line":73,"column":7}},"32":{"start":{"line":72,"column":8},"end":{"line":72,"column":20}},"33":{"start":{"line":74,"column":6},"end":{"line":74,"column":64}},"34":{"start":{"line":79,"column":4},"end":{"line":79,"column":46}},"35":{"start":{"line":80,"column":20},"end":{"line":80,"column":49}},"36":{"start":{"line":81,"column":4},"end":{"line":81,"column":33}},"37":{"start":{"line":82,"column":4},"end":{"line":82,"column":47}},"38":{"start":{"line":83,"column":4},"end":{"line":83,"column":19}},"39":{"start":{"line":87,"column":20},"end":{"line":87,"column":49}},"40":{"start":{"line":88,"column":4},"end":{"line":88,"column":49}},"41":{"start":{"line":9,"column":0},"end":{"line":9,"column":13}}},"fnMap":{"0":{"name":"(anonymous_0)","decl":{"start":{"line":12,"column":2},"end":{"line":12,"column":null}},"loc":{"start":{"line":12,"column":2},"end":{"line":14,"column":3}}},"1":{"name":"(anonymous_1)","decl":{"start":{"line":16,"column":2},"end":{"line":16,"column":7}},"loc":{"start":{"line":16,"column":44},"end":{"line":21,"column":3}}},"2":{"name":"(anonymous_2)","decl":{"start":{"line":23,"column":2},"end":{"line":23,"column":7}},"loc":{"start":{"line":23,"column":51},"end":{"line":57,"column":3}}},"3":{"name":"(anonymous_3)","decl":{"start":{"line":59,"column":2},"end":{"line":59,"column":7}},"loc":{"start":{"line":59,"column":33},"end":{"line":76,"column":3}}},"4":{"name":"(anonymous_4)","decl":{"start":{"line":78,"column":2},"end":{"line":78,"column":7}},"loc":{"start":{"line":78,"column":56},"end":{"line":84,"column":3}}},"5":{"name":"(anonymous_5)","decl":{"start":{"line":86,"column":2},"end":{"line":86,"column":7}},"loc":{"start":{"line":86,"column":32},"end":{"line":89,"column":3}}}},"branchMap":{"0":{"loc":{"start":{"line":23,"column":23},"end":{"line":23,"column":51}},"type":"default-arg","locations":[{"start":{"line":23,"column":49},"end":{"line":23,"column":51}}]},"1":{"loc":{"start":{"line":27,"column":17},"end":{"line":27,"column":34}},"type":"binary-expr","locations":[{"start":{"line":27,"column":17},"end":{"line":27,"column":29}},{"start":{"line":27,"column":33},"end":{"line":27,"column":34}}]},"2":{"loc":{"start":{"line":28,"column":18},"end":{"line":28,"column":37}},"type":"binary-expr","locations":[{"start":{"line":28,"column":18},"end":{"line":28,"column":31}},{"start":{"line":28,"column":35},"end":{"line":28,"column":37}}]},"3":{"loc":{"start":{"line":33,"column":4},"end":{"line":35,"column":5}},"type":"if","locations":[{"start":{"line":33,"column":4},"end":{"line":35,"column":5}}]},"4":{"loc":{"start":{"line":37,"column":4},"end":{"line":39,"column":5}},"type":"if","locations":[{"start":{"line":37,"column":4},"end":{"line":39,"column":5}}]},"5":{"loc":{"start":{"line":41,"column":4},"end":{"line":43,"column":5}},"type":"if","locations":[{"start":{"line":41,"column":4},"end":{"line":43,"column":5}}]},"6":{"loc":{"start":{"line":61,"column":6},"end":{"line":63,"column":7}},"type":"if","locations":[{"start":{"line":61,"column":6},"end":{"line":63,"column":7}}]},"7":{"loc":{"start":{"line":66,"column":6},"end":{"line":68,"column":7}},"type":"if","locations":[{"start":{"line":66,"column":6},"end":{"line":68,"column":7}}]},"8":{"loc":{"start":{"line":71,"column":6},"end":{"line":73,"column":7}},"type":"if","locations":[{"start":{"line":71,"column":6},"end":{"line":73,"column":7}}]}},"s":{"0":2,"1":2,"2":2,"3":2,"4":2,"5":2,"6":29,"7":29,"8":29,"9":29,"10":6,"11":5,"12":4,"13":4,"14":4,"15":4,"16":4,"17":1,"18":4,"19":1,"20":4,"21":1,"22":4,"23":4,"24":4,"25":4,"26":2,"27":2,"28":2,"29":0,"30":2,"31":2,"32":2,"33":0,"34":3,"35":2,"36":1,"37":1,"38":1,"39":2,"40":1,"41":2},"f":{"0":2,"1":29,"2":6,"3":4,"4":3,"5":2},"b":{"0":[0],"1":[4,3],"2":[4,3],"3":[1],"4":[1],"5":[1],"6":[2],"7":[0],"8":[2]}}
,"/home/antonio/Documentos/desafios/itall/src/utils/validation.utils.ts": {"path":"/home/antonio/Documentos/desafios/itall/src/utils/validation.utils.ts","statementMap":{"0":{"start":{"line":1,"column":0},"end":{"line":1,"column":59}},"1":{"start":{"line":6,"column":4},"end":{"line":8,"column":5}},"2":{"start":{"line":7,"column":6},"end":{"line":7,"column":62}},"3":{"start":{"line":10,"column":4},"end":{"line":12,"column":5}},"4":{"start":{"line":11,"column":6},"end":{"line":11,"column":58}},"5":{"start":{"line":16,"column":4},"end":{"line":18,"column":5}},"6":{"start":{"line":17,"column":6},"end":{"line":17,"column":61}},"7":{"start":{"line":20,"column":4},"end":{"line":22,"column":5}},"8":{"start":{"line":21,"column":6},"end":{"line":21,"column":62}},"9":{"start":{"line":26,"column":4},"end":{"line":28,"column":5}},"10":{"start":{"line":27,"column":6},"end":{"line":27,"column":84}},"11":{"start":{"line":32,"column":22},"end":{"line":32,"column":94}},"12":{"start":{"line":33,"column":4},"end":{"line":33,"column":32}},"13":{"start":{"line":4,"column":0},"end":{"line":4,"column":13}}},"fnMap":{"0":{"name":"(anonymous_0)","decl":{"start":{"line":5,"column":2},"end":{"line":5,"column":8}},"loc":{"start":{"line":5,"column":60},"end":{"line":13,"column":3}}},"1":{"name":"(anonymous_1)","decl":{"start":{"line":15,"column":2},"end":{"line":15,"column":8}},"loc":{"start":{"line":15,"column":63},"end":{"line":23,"column":3}}},"2":{"name":"(anonymous_2)","decl":{"start":{"line":25,"column":2},"end":{"line":25,"column":8}},"loc":{"start":{"line":25,"column":64},"end":{"line":29,"column":3}}},"3":{"name":"(anonymous_3)","decl":{"start":{"line":31,"column":2},"end":{"line":31,"column":8}},"loc":{"start":{"line":31,"column":33},"end":{"line":34,"column":3}}}},"branchMap":{"0":{"loc":{"start":{"line":6,"column":4},"end":{"line":8,"column":5}},"type":"if","locations":[{"start":{"line":6,"column":4},"end":{"line":8,"column":5}}]},"1":{"loc":{"start":{"line":6,"column":8},"end":{"line":6,"column":51}},"type":"binary-expr","locations":[{"start":{"line":6,"column":8},"end":{"line":6,"column":32}},{"start":{"line":6,"column":36},"end":{"line":6,"column":51}}]},"2":{"loc":{"start":{"line":10,"column":4},"end":{"line":12,"column":5}},"type":"if","locations":[{"start":{"line":10,"column":4},"end":{"line":12,"column":5}}]},"3":{"loc":{"start":{"line":10,"column":8},"end":{"line":10,"column":50}},"type":"binary-expr","locations":[{"start":{"line":10,"column":8},"end":{"line":10,"column":32}},{"start":{"line":10,"column":36},"end":{"line":10,"column":50}}]},"4":{"loc":{"start":{"line":16,"column":4},"end":{"line":18,"column":5}},"type":"if","locations":[{"start":{"line":16,"column":4},"end":{"line":18,"column":5}}]},"5":{"loc":{"start":{"line":16,"column":8},"end":{"line":16,"column":38}},"type":"binary-expr","locations":[{"start":{"line":16,"column":8},"end":{"line":16,"column":26}},{"start":{"line":16,"column":30},"end":{"line":16,"column":38}}]},"6":{"loc":{"start":{"line":20,"column":4},"end":{"line":22,"column":5}},"type":"if","locations":[{"start":{"line":20,"column":4},"end":{"line":22,"column":5}}]},"7":{"loc":{"start":{"line":20,"column":8},"end":{"line":20,"column":40}},"type":"binary-expr","locations":[{"start":{"line":20,"column":8},"end":{"line":20,"column":27}},{"start":{"line":20,"column":31},"end":{"line":20,"column":40}}]},"8":{"loc":{"start":{"line":26,"column":4},"end":{"line":28,"column":5}},"type":"if","locations":[{"start":{"line":26,"column":4},"end":{"line":28,"column":5}}]},"9":{"loc":{"start":{"line":26,"column":8},"end":{"line":26,"column":79}},"type":"binary-expr","locations":[{"start":{"line":26,"column":8},"end":{"line":26,"column":30}},{"start":{"line":26,"column":34},"end":{"line":26,"column":56}},{"start":{"line":26,"column":60},"end":{"line":26,"column":79}}]}},"s":{"0":2,"1":32,"2":1,"3":31,"4":0,"5":6,"6":1,"7":5,"8":0,"9":5,"10":1,"11":4,"12":4,"13":2},"f":{"0":32,"1":6,"2":5,"3":4},"b":{"0":[1],"1":[32,32],"2":[0],"3":[31,29],"4":[1],"5":[6,2],"6":[0],"7":[5,1],"8":[1],"9":[5,2,2]}}
,"/home/antonio/Documentos/desafios/itall/tests/helpers/database.ts": {"path":"/home/antonio/Documentos/desafios/itall/tests/helpers/database.ts","statementMap":{"0":{"start":{"line":1,"column":0},"end":{"line":1,"column":59}},"1":{"start":{"line":2,"column":0},"end":{"line":2,"column":51}},"2":{"start":{"line":3,"column":0},"end":{"line":3,"column":45}},"3":{"start":{"line":5,"column":30},"end":{"line":8,"column":1}},"4":{"start":{"line":6,"column":2},"end":{"line":6,"column":53}},"5":{"start":{"line":7,"column":2},"end":{"line":7,"column":50}},"6":{"start":{"line":5,"column":13},"end":{"line":5,"column":30}}},"fnMap":{"0":{"name":"(anonymous_0)","decl":{"start":{"line":5,"column":30},"end":{"line":5,"column":35}},"loc":{"start":{"line":5,"column":41},"end":{"line":8,"column":1}}}},"branchMap":{},"s":{"0":2,"1":2,"2":2,"3":2,"4":31,"5":31,"6":2},"f":{"0":31},"b":{}}
}
