TN:
SF:src/app.ts
FN:12,(anonymous_1)
FN:29,(anonymous_2)
FNF:2
FNH:1
FNDA:2,(anonymous_1)
FNDA:0,(anonymous_2)
DA:1,2
DA:2,2
DA:3,2
DA:4,2
DA:5,2
DA:6,2
DA:7,2
DA:8,2
DA:9,2
DA:10,2
DA:12,2
DA:13,2
DA:16,2
DA:17,0
DA:21,2
DA:22,2
DA:23,2
DA:26,2
DA:29,2
DA:30,0
DA:34,2
DA:35,2
DA:38,2
DA:40,2
LF:24
LH:22
BRDA:16,0,0,0
BRF:1
BRH:0
end_of_record
TN:
SF:src/config/constants.ts
FNF:0
FNH:0
DA:1,2
DA:6,2
DA:10,2
LF:3
LH:3
BRDA:2,0,0,2
BRDA:2,0,1,0
BRF:2
BRH:1
end_of_record
TN:
SF:src/config/ormconfig.ts
FNF:0
FNH:0
DA:1,2
DA:2,2
DA:4,2
DA:6,2
LF:4
LH:4
BRDA:8,0,0,2
BRDA:8,0,1,0
BRDA:9,1,0,2
BRDA:9,1,1,0
BRDA:10,2,0,2
BRDA:10,2,1,0
BRDA:11,3,0,2
BRDA:11,3,1,0
BRDA:12,4,0,2
BRDA:12,4,1,0
BRF:10
BRH:5
end_of_record
TN:
SF:src/config/swagger.ts
FNF:0
FNH:0
DA:1,2
DA:3,2
DA:27,2
LF:3
LH:3
BRF:0
BRH:0
end_of_record
TN:
SF:src/controllers/auth.controller.ts
FN:10,(anonymous_0)
FN:14,(anonymous_1)
FN:52,(anonymous_2)
FNF:3
FNH:3
FNDA:2,(anonymous_0)
FNDA:32,(anonymous_1)
FNDA:27,(anonymous_2)
DA:2,2
DA:3,2
DA:4,2
DA:5,2
DA:7,2
DA:11,2
DA:15,32
DA:16,32
DA:17,32
DA:18,2
DA:21,30
DA:22,30
DA:24,29
DA:33,3
DA:34,3
DA:41,0
DA:42,0
DA:48,0
DA:53,27
DA:54,27
DA:55,27
DA:56,2
DA:59,25
DA:60,25
DA:62,22
DA:71,5
DA:72,5
DA:77,0
LF:28
LH:24
BRDA:17,0,0,2
BRDA:33,1,0,3
BRDA:41,2,0,0
BRDA:41,3,0,0
BRDA:41,3,1,0
BRDA:55,4,0,2
BRDA:71,5,0,5
BRF:7
BRH:4
end_of_record
TN:
SF:src/controllers/product.controller.ts
FN:9,(anonymous_0)
FN:13,(anonymous_1)
FN:48,(anonymous_2)
FN:64,(anonymous_3)
FN:88,(anonymous_4)
FN:122,(anonymous_5)
FN:147,(anonymous_6)
FNF:7
FNH:6
FNDA:2,(anonymous_0)
FNDA:29,(anonymous_1)
FNDA:6,(anonymous_2)
FNDA:8,(anonymous_3)
FNDA:0,(anonymous_4)
FNDA:3,(anonymous_5)
FNDA:2,(anonymous_6)
DA:2,2
DA:3,2
DA:4,2
DA:6,2
DA:10,2
DA:14,29
DA:15,29
DA:17,29
DA:18,0
DA:21,29
DA:29,29
DA:35,0
DA:36,0
DA:41,0
DA:49,6
DA:50,6
DA:51,6
DA:59,6
DA:60,4
DA:64,8
DA:75,2
DA:76,2
DA:81,0
DA:89,0
DA:90,0
DA:93,0
DA:94,0
DA:97,0
DA:99,0
DA:100,0
DA:103,0
DA:109,0
DA:110,0
DA:115,0
DA:123,3
DA:124,3
DA:125,3
DA:126,3
DA:128,1
DA:134,2
DA:135,2
DA:140,0
DA:148,2
DA:149,2
DA:150,2
DA:152,1
DA:157,1
DA:158,1
DA:163,0
LF:49
LH:31
BRDA:17,0,0,0
BRDA:17,1,0,29
BRDA:17,1,1,29
BRDA:17,1,2,29
BRDA:17,1,3,29
BRDA:35,2,0,0
BRDA:53,3,0,2
BRDA:53,3,1,4
BRDA:54,4,0,2
BRDA:54,4,1,4
BRDA:55,5,0,2
BRDA:55,5,1,4
BRDA:56,6,0,1
BRDA:56,6,1,5
BRDA:75,7,0,2
BRDA:93,8,0,0
BRDA:99,9,0,0
BRDA:109,10,0,0
BRDA:134,11,0,2
BRDA:157,12,0,1
BRF:20
BRH:15
end_of_record
TN:
SF:src/middlewares/auth.middleware.ts
FN:12,(anonymous_1)
FNF:1
FNH:1
FNDA:50,(anonymous_1)
DA:2,2
DA:3,2
DA:4,2
DA:12,2
DA:17,50
DA:19,50
DA:20,4
DA:26,46
DA:28,46
DA:29,46
DA:34,46
DA:35,46
DA:37,46
DA:38,3
DA:44,43
DA:46,43
DA:48,0
LF:17
LH:16
BRDA:19,0,0,4
BRDA:31,1,0,46
BRDA:31,1,1,0
BRDA:37,2,0,3
BRF:4
BRH:3
end_of_record
TN:
SF:src/middlewares/error.middleware.ts
FN:4,(anonymous_0)
FN:13,(anonymous_1)
FNF:2
FNH:1
FNDA:13,(anonymous_0)
FNDA:0,(anonymous_1)
DA:3,2
DA:5,13
DA:6,13
DA:8,13
DA:9,13
DA:13,2
DA:19,0
DA:20,0
DA:26,0
DA:27,0
LF:10
LH:6
BRDA:6,0,0,0
BRDA:19,1,0,0
BRF:2
BRH:0
end_of_record
TN:
SF:src/models/Product.ts
FNF:0
FNH:0
DA:1,2
DA:4,2
DA:6,2
DA:9,2
DA:12,2
DA:15,2
DA:18,2
DA:21,2
DA:24,2
DA:27,2
LF:10
LH:10
BRF:0
BRH:0
end_of_record
TN:
SF:src/models/User.ts
FN:25,(anonymous_3)
FN:31,(anonymous_4)
FNF:2
FNH:2
FNDA:29,(anonymous_3)
FNDA:23,(anonymous_4)
DA:1,2
DA:2,2
DA:5,2
DA:7,2
DA:10,2
DA:13,2
DA:16,2
DA:19,2
DA:22,2
DA:25,2
DA:26,29
DA:27,29
DA:32,23
LF:13
LH:13
BRDA:26,0,0,29
BRF:1
BRH:1
end_of_record
TN:
SF:src/routes/auth.routes.ts
FNF:0
FNH:0
DA:1,2
DA:2,2
DA:3,2
DA:5,2
DA:6,2
DA:83,2
DA:119,2
DA:128,2
LF:8
LH:8
BRF:0
BRH:0
end_of_record
TN:
SF:src/routes/product.routes.ts
FNF:0
FNH:0
DA:1,2
DA:2,2
DA:3,2
DA:4,2
DA:6,2
DA:7,2
DA:42,2
DA:66,2
DA:149,2
DA:182,2
DA:220,2
DA:222,2
LF:12
LH:12
BRF:0
BRH:0
end_of_record
TN:
SF:src/services/auth.service.ts
FN:12,(anonymous_9)
FN:16,(anonymous_10)
FN:44,(anonymous_11)
FN:70,(anonymous_12)
FN:76,(anonymous_13)
FNF:5
FNH:4
FNDA:2,(anonymous_9)
FNDA:30,(anonymous_10)
FNDA:25,(anonymous_11)
FNDA:51,(anonymous_12)
FNDA:0,(anonymous_13)
DA:2,2
DA:3,2
DA:4,2
DA:5,2
DA:6,2
DA:9,2
DA:13,2
DA:17,30
DA:21,30
DA:22,1
DA:25,29
DA:31,29
DA:33,29
DA:34,29
DA:45,25
DA:50,25
DA:51,2
DA:54,23
DA:55,23
DA:56,1
DA:59,22
DA:60,22
DA:71,51
DA:77,0
DA:78,0
DA:79,0
DA:80,0
DA:81,0
DA:83,0
DA:85,0
LF:30
LH:23
BRDA:21,0,0,1
BRDA:50,1,0,2
BRDA:55,2,0,1
BRDA:71,3,0,51
BRDA:71,3,1,0
BRDA:78,4,0,0
BRDA:78,4,1,0
BRDA:80,5,0,0
BRF:8
BRH:4
end_of_record
TN:
SF:src/services/product.service.ts
FN:12,(anonymous_0)
FN:16,(anonymous_1)
FN:23,(anonymous_2)
FN:59,(anonymous_3)
FN:78,(anonymous_4)
FN:86,(anonymous_5)
FNF:6
FNH:6
FNDA:2,(anonymous_0)
FNDA:29,(anonymous_1)
FNDA:6,(anonymous_2)
FNDA:4,(anonymous_3)
FNDA:3,(anonymous_4)
FNDA:2,(anonymous_5)
DA:2,2
DA:3,2
DA:5,2
DA:6,2
DA:7,2
DA:9,2
DA:13,2
DA:17,29
DA:18,29
DA:19,29
DA:20,29
DA:24,6
DA:25,5
DA:27,4
DA:28,4
DA:29,4
DA:31,4
DA:33,4
DA:34,1
DA:37,4
DA:38,1
DA:41,4
DA:42,1
DA:45,4
DA:50,4
DA:60,4
DA:61,4
DA:62,2
DA:65,2
DA:66,2
DA:67,0
DA:69,2
DA:71,2
DA:72,2
DA:74,0
DA:79,3
DA:80,2
DA:81,1
DA:82,1
DA:83,1
DA:87,2
DA:88,1
LF:42
LH:40
BRDA:23,0,0,0
BRDA:27,1,0,4
BRDA:27,1,1,3
BRDA:28,2,0,4
BRDA:28,2,1,3
BRDA:33,3,0,1
BRDA:37,4,0,1
BRDA:41,5,0,1
BRDA:61,6,0,2
BRDA:66,7,0,0
BRDA:71,8,0,2
BRF:11
BRH:9
end_of_record
TN:
SF:src/utils/validation.utils.ts
FN:5,(anonymous_0)
FN:15,(anonymous_1)
FN:25,(anonymous_2)
FN:31,(anonymous_3)
FNF:4
FNH:4
FNDA:32,(anonymous_0)
FNDA:6,(anonymous_1)
FNDA:5,(anonymous_2)
FNDA:4,(anonymous_3)
DA:1,2
DA:4,2
DA:6,32
DA:7,1
DA:10,31
DA:11,0
DA:16,6
DA:17,1
DA:20,5
DA:21,0
DA:26,5
DA:27,1
DA:32,4
DA:33,4
LF:14
LH:12
BRDA:6,0,0,1
BRDA:6,1,0,32
BRDA:6,1,1,32
BRDA:10,2,0,0
BRDA:10,3,0,31
BRDA:10,3,1,29
BRDA:16,4,0,1
BRDA:16,5,0,6
BRDA:16,5,1,2
BRDA:20,6,0,0
BRDA:20,7,0,5
BRDA:20,7,1,1
BRDA:26,8,0,1
BRDA:26,9,0,5
BRDA:26,9,1,2
BRDA:26,9,2,2
BRF:16
BRH:14
end_of_record
TN:
SF:tests/helpers/database.ts
FN:5,(anonymous_0)
FNF:1
FNH:1
FNDA:31,(anonymous_0)
DA:1,2
DA:2,2
DA:3,2
DA:5,2
DA:6,31
DA:7,31
LF:6
LH:6
BRF:0
BRH:0
end_of_record
